Running BayPass Version 3.1 with the following command line:
./g_baypass -gfile limaxnivalis.baypass.geno -efile limaxnivalis.obsenv.baypass.cov -covmcmc -omegafile core_mat_omega.out -outprefix cvmc -nthreads 4

!!!!!!!!!!!!!!!!!!!!!!!!!!!!!!!!!!!!!!
        Size of the data set 
!!!!!!!!!!!!!!!!!!!!!!!!!!!!!!!!!!!!!!

 No of Markers                      =      2333
 Total No of Populations            =       100
 Data consists of allele count only

!!!!!!!!!!!!!!!!!!!!!!!!!!!!!!!!!!!!!!
        READING ALLELE COUNT DATA
!!!!!!!!!!!!!!!!!!!!!!!!!!!!!!!!!!!!!!

Last  SNP ref. Allele count     0    0    0    0    0    0   24   42   23    0    0    0    0    0    0    0    5   26    5    0    0    0    0    0    0    0    0    3    1    0    0    0    0    0    0    0    0    0    0    0    0    0    0    0    0    0    0    0    0    0    0    0    0    0    0    0    0    0    0    0    0    0    0    0    0    0    0    0    0    0    0    0    0    0    0    0    0    0    0    0    0    0    0    0    0    0    0    0    0    0    0    0    0    0    0    0    0    0    0    0
Last  SNP total Gene count     48   56   50   58   60   52   38   42   64   50   54   38   54   46   54   50   52   40   54   42   42   52   50   52   42   42   52   46   36   48   38   40   32   36   24   44   34   40   38   48   56   34   34   28   38   40   38   34   26   52   44   44   54   46   38   48   28   30   34   44   40   34   38   36   40   40   40   42   38   38   42   32   38   32   38   36   38   34   34   20   30   48   48   22   34   38   40   32   36   34   38   26   36   42   36   32   42   36   36   28

!!!!!!!!!!!!!!!!!!!!!!!!!!!!!!!!!!!!!!
        Model Specifications
!!!!!!!!!!!!!!!!!!!!!!!!!!!!!!!!!!!!!!

  -> MCMC Covariate Mode with  16 covariates (outlier detection and estimation of omega are inactivated)
  (*) Prior on Beta coef is U(  0.0000,  0.3000)
  (*) Full model (BPvalue will be computed)

!!!!!!!!!!!!!!!!!!!!!!!!!!!!!!!!!!!!!!
           MCMC specifications
!!!!!!!!!!!!!!!!!!!!!!!!!!!!!!!!!!!!!!


 Nb. of sampled parameter values       =     250
 Thinning Rate                         =      20
 Burn in Period Length                 =    1000
 Max Number of Pilot runs              =      10
 Pilot run Length                      =     100
 R.N.G. seed                            =   5001

!!!!!!!!!!!!!!!!!!!!!!!!!!!!!!!!!!!!!!
        COVARIATE DATA
!!!!!!!!!!!!!!!!!!!!!!!!!!!!!!!!!!!!!!

Cov:   1  (Mean =      0.7317  ; SD =      0.5018)
Cov:   2  (Mean =     -1.7129  ; SD =      0.9335)
Cov:   3  (Mean =      1.1917  ; SD =      0.5255)
Cov:   4  (Mean =      0.5548  ; SD =      0.5057)
Cov:   5  (Mean =     -1.5899  ; SD =      0.6134)
Cov:   6  (Mean =      0.4984  ; SD =      0.2416)
Cov:   7  (Mean =      0.9718  ; SD =      0.3856)
Cov:   8  (Mean =     -1.8606  ; SD =      0.7643)
Cov:   9  (Mean =     -1.0450  ; SD =      0.6099)
Cov:  10  (Mean =      0.4042  ; SD =      0.3244)
Cov:  11  (Mean =      0.4966  ; SD =      0.2381)
Cov:  12  (Mean =      1.6612  ; SD =      0.5931)
Cov:  13  (Mean =      0.0368  ; SD =      0.2274)
Cov:  14  (Mean =     -1.6095  ; SD =      0.9162)
Cov:  15  (Mean =      1.0115  ; SD =      0.3670)
Cov:  16  (Mean =     -0.4973  ; SD =      0.8640)

!!!!!!!!!!!!!!!!!!!!!!!!!!!!!!!!!!!!!!
        PILOT RUNS
!!!!!!!!!!!!!!!!!!!!!!!!!!!!!!!!!!!!!!

Initial Values:
Pij min         =      0.01515  Pij max         =      0.98485  Average Pij     =      0.14252
Pij_til min     =     -3.80385  Pij_til max     =      4.81153  Average Pij_til =      0.00000
PI min          =      0.03816  PI max          =      0.94044  Average PI      =      0.14252
Pi_beta_p vals  =      0.33794      2.03324

!!!!!!!!!!!!!!!!!!!
## PILOT RUN:    1
!!!!!!!!!!!!!!!!!!!

i)   Node Values:
Pij min         =     -1.98375  Pij max         =      2.24006  Average Pij     =      0.01111
Pij_til min     =     -9.91833  Pij_til max     =     11.67800  Average Pij_til =     -0.56347
PI min          =      0.00695  PI max          =      0.96424  Average PI      =      0.12747
Pi_beta_p vals  =      0.66294      3.65300

ii)  Acceptance Rates (before adjustment):
      Mean Acceptance Rate for p_ij vectors  =  0.02276   mean updated delta_pij=   0.00693 (associated to read/allele count data)
      Mean Acceptance Rate Pi                =  0.08943   mean updated delta_pi =  0.11187
      Mean Acceptance Rate Betai             =  0.69805   mean updated delta_betai=  0.07966
      Mean Acceptance Rate b_mu              =  0.23000        updated delta    =  0.02700
      Mean Acceptance Rate b_phi             =  0.06000        updated delta    =  0.15752

iii) Running Time            :  0 d  0 h  0 min 13 sec
     Estimated Remaining Time:  0 d  0 h 14 min 57 sec

!!!!!!!!!!!!!!!!!!!
## PILOT RUN:    2
!!!!!!!!!!!!!!!!!!!

i)   Node Values:
Pij min         =     -2.84128  Pij max         =      2.60511  Average Pij     =     -0.02000
Pij_til min     =    -11.28515  Pij_til max     =     10.36790  Average Pij_til =     -0.70167
PI min          =      0.00958  PI max          =      0.95805  Average PI      =      0.12693
Pi_beta_p vals  =      0.69884      3.80942

ii)  Acceptance Rates (before adjustment):
      Mean Acceptance Rate for p_ij vectors  =  0.28436   mean updated delta_pij=   0.00773 (associated to read/allele count data)
      Mean Acceptance Rate Pi                =  0.25092   mean updated delta_pi =  0.07118
      Mean Acceptance Rate Betai             =  0.59569   mean updated delta_betai=  0.11057
      Mean Acceptance Rate b_mu              =  0.28000        updated delta    =  0.01762
      Mean Acceptance Rate b_phi             =  0.20000        updated delta    =  0.07443

iii) Running Time            :  0 d  0 h  0 min 25 sec
     Estimated Remaining Time:  0 d  0 h 14 min 14 sec

!!!!!!!!!!!!!!!!!!!
## PILOT RUN:    3
!!!!!!!!!!!!!!!!!!!

i)   Node Values:
Pij min         =     -2.51536  Pij max         =      2.67869  Average Pij     =     -0.03909
Pij_til min     =     -9.34062  Pij_til max     =     10.53912  Average Pij_til =     -0.78678
PI min          =      0.00924  PI max          =      0.96348  Average PI      =      0.12748
Pi_beta_p vals  =      0.72226      4.00704

ii)  Acceptance Rates (before adjustment):
      Mean Acceptance Rate for p_ij vectors  =  0.24593   mean updated delta_pij=   0.00798 (associated to read/allele count data)
      Mean Acceptance Rate Pi                =  0.35811   mean updated delta_pi =  0.05978
      Mean Acceptance Rate Betai             =  0.51821   mean updated delta_betai=  0.13442
      Mean Acceptance Rate b_mu              =  0.39000        updated delta    =  0.01586
      Mean Acceptance Rate b_phi             =  0.40000        updated delta    =  0.06867

iii) Running Time            :  0 d  0 h  0 min 37 sec
     Estimated Remaining Time:  0 d  0 h 13 min 46 sec

!!!!!!!!!!!!!!!!!!!
## PILOT RUN:    4
!!!!!!!!!!!!!!!!!!!

i)   Node Values:
Pij min         =     -3.27860  Pij max         =      2.62777  Average Pij     =     -0.05572
Pij_til min     =    -10.82947  Pij_til max     =     10.90253  Average Pij_til =     -0.85588
PI min          =      0.00793  PI max          =      0.94706  Average PI      =      0.12826
Pi_beta_p vals  =      0.71264      4.16905

ii)  Acceptance Rates (before adjustment):
      Mean Acceptance Rate for p_ij vectors  =  0.25502   mean updated delta_pij=   0.00837 (associated to read/allele count data)
      Mean Acceptance Rate Pi                =  0.40684   mean updated delta_pi =  0.05523
      Mean Acceptance Rate Betai             =  0.48023   mean updated delta_betai=  0.15128
      Mean Acceptance Rate b_mu              =  0.52000        updated delta    =  0.01892
      Mean Acceptance Rate b_phi             =  0.50000        updated delta    =  0.07881

iii) Running Time            :  0 d  0 h  0 min 48 sec
     Estimated Remaining Time:  0 d  0 h 13 min 27 sec

!!!!!!!!!!!!!!!!!!!
## PILOT RUN:    5
!!!!!!!!!!!!!!!!!!!

i)   Node Values:
Pij min         =     -3.48193  Pij max         =      2.55252  Average Pij     =     -0.07259
Pij_til min     =    -12.19799  Pij_til max     =     10.09622  Average Pij_til =     -0.92994
PI min          =      0.00904  PI max          =      0.94569  Average PI      =      0.12876
Pi_beta_p vals  =      0.72076      3.86663

ii)  Acceptance Rates (before adjustment):
      Mean Acceptance Rate for p_ij vectors  =  0.25149   mean updated delta_pij=   0.00876 (associated to read/allele count data)
      Mean Acceptance Rate Pi                =  0.42599   mean updated delta_pi =  0.05313
      Mean Acceptance Rate Betai             =  0.46602   mean updated delta_betai=  0.16560
      Mean Acceptance Rate b_mu              =  0.48000        updated delta    =  0.02086
      Mean Acceptance Rate b_phi             =  0.37000        updated delta    =  0.06739

iii) Running Time            :  0 d  0 h  1 min  0 sec
     Estimated Remaining Time:  0 d  0 h 13 min  8 sec

!!!!!!!!!!!!!!!!!!!
## PILOT RUN:    6
!!!!!!!!!!!!!!!!!!!

i)   Node Values:
Pij min         =     -3.94307  Pij max         =      2.68476  Average Pij     =     -0.08688
Pij_til min     =    -12.63782  Pij_til max     =      9.95403  Average Pij_til =     -0.98654
PI min          =      0.00944  PI max          =      0.95239  Average PI      =      0.13133
Pi_beta_p vals  =      0.72850      3.98355

ii)  Acceptance Rates (before adjustment):
      Mean Acceptance Rate for p_ij vectors  =  0.24746   mean updated delta_pij=   0.00894 (associated to read/allele count data)
      Mean Acceptance Rate Pi                =  0.43403   mean updated delta_pi =  0.05232
      Mean Acceptance Rate Betai             =  0.46049   mean updated delta_betai=  0.18055
      Mean Acceptance Rate b_mu              =  0.49000        updated delta    =  0.02347
      Mean Acceptance Rate b_phi             =  0.38000        updated delta    =  0.05914

iii) Running Time            :  0 d  0 h  1 min 11 sec
     Estimated Remaining Time:  0 d  0 h 12 min 46 sec

!!!!!!!!!!!!!!!!!!!
## PILOT RUN:    7
!!!!!!!!!!!!!!!!!!!

i)   Node Values:
Pij min         =     -3.79319  Pij max         =      2.96918  Average Pij     =     -0.10123
Pij_til min     =    -13.85673  Pij_til max     =      9.64318  Average Pij_til =     -1.04311
PI min          =      0.00976  PI max          =      0.94849  Average PI      =      0.13251
Pi_beta_p vals  =      0.74413      4.09155

ii)  Acceptance Rates (before adjustment):
      Mean Acceptance Rate for p_ij vectors  =  0.24754   mean updated delta_pij=   0.00917 (associated to read/allele count data)
      Mean Acceptance Rate Pi                =  0.44123   mean updated delta_pi =  0.05195
      Mean Acceptance Rate Betai             =  0.45925   mean updated delta_betai=  0.19849
      Mean Acceptance Rate b_mu              =  0.39000        updated delta    =  0.02112
      Mean Acceptance Rate b_phi             =  0.47000        updated delta    =  0.06388

iii) Running Time            :  0 d  0 h  1 min 23 sec
     Estimated Remaining Time:  0 d  0 h 12 min 28 sec

!!!!!!!!!!!!!!!!!!!
## PILOT RUN:    8
!!!!!!!!!!!!!!!!!!!

i)   Node Values:
Pij min         =     -4.22007  Pij max         =      3.12215  Average Pij     =     -0.11313
Pij_til min     =    -13.03320  Pij_til max     =     10.86865  Average Pij_til =     -1.08479
PI min          =      0.00852  PI max          =      0.94328  Average PI      =      0.13285
Pi_beta_p vals  =      0.75187      4.06500

ii)  Acceptance Rates (before adjustment):
      Mean Acceptance Rate for p_ij vectors  =  0.24691   mean updated delta_pij=   0.00937 (associated to read/allele count data)
      Mean Acceptance Rate Pi                =  0.44551   mean updated delta_pi =  0.05216
      Mean Acceptance Rate Betai             =  0.45787   mean updated delta_betai=  0.22048
      Mean Acceptance Rate b_mu              =  0.36000        updated delta    =  0.01759
      Mean Acceptance Rate b_phi             =  0.47000        updated delta    =  0.06899

iii) Running Time            :  0 d  0 h  1 min 35 sec
     Estimated Remaining Time:  0 d  0 h 12 min 18 sec

!!!!!!!!!!!!!!!!!!!
## PILOT RUN:    9
!!!!!!!!!!!!!!!!!!!

i)   Node Values:
Pij min         =     -4.43246  Pij max         =      3.36796  Average Pij     =     -0.12569
Pij_til min     =    -13.35944  Pij_til max     =     10.84083  Average Pij_til =     -1.12806
PI min          =      0.00911  PI max          =      0.94732  Average PI      =      0.13227
Pi_beta_p vals  =      0.79376      4.37630

ii)  Acceptance Rates (before adjustment):
      Mean Acceptance Rate for p_ij vectors  =  0.24654   mean updated delta_pij=   0.00959 (associated to read/allele count data)
      Mean Acceptance Rate Pi                =  0.44897   mean updated delta_pi =  0.05218
      Mean Acceptance Rate Betai             =  0.45722   mean updated delta_betai=  0.24785
      Mean Acceptance Rate b_mu              =  0.49000        updated delta    =  0.01979
      Mean Acceptance Rate b_phi             =  0.37000        updated delta    =  0.05900

iii) Running Time            :  0 d  0 h  1 min 47 sec
     Estimated Remaining Time:  0 d  0 h 12 min  5 sec

!!!!!!!!!!!!!!!!!!!
## PILOT RUN:   10
!!!!!!!!!!!!!!!!!!!

i)   Node Values:
Pij min         =     -4.51987  Pij max         =      3.14142  Average Pij     =     -0.13788
Pij_til min     =    -14.79672  Pij_til max     =      9.81179  Average Pij_til =     -1.17018
PI min          =      0.01075  PI max          =      0.94724  Average PI      =      0.13287
Pi_beta_p vals  =      0.77549      4.22277

ii)  Acceptance Rates (before adjustment):
      Mean Acceptance Rate for p_ij vectors  =  0.24757   mean updated delta_pij=   0.00978 (associated to read/allele count data)
      Mean Acceptance Rate Pi                =  0.44873   mean updated delta_pi =  0.05272
      Mean Acceptance Rate Betai             =  0.45698   mean updated delta_betai=  0.28342
      Mean Acceptance Rate b_mu              =  0.29000        updated delta    =  0.01336
      Mean Acceptance Rate b_phi             =  0.44000        updated delta    =  0.05974

iii) Running Time            :  0 d  0 h  1 min 59 sec
     Estimated Remaining Time:  0 d  0 h 11 min 59 sec

!!!!!!!!!!!!!!!!!!!!!!!!!!!!!!!!!!!!!!
        BURN-IN
!!!!!!!!!!!!!!!!!!!!!!!!!!!!!!!!!!!!!!


Node Values:
Pij min         =     -4.33656  Pij max         =      3.90177  Average Pij     =     -0.22490
Pij_til min     =    -16.29643  Pij_til max     =     10.68472  Average Pij_til =     -1.43240
PI min          =      0.01214  PI max          =      0.93851  Average PI      =      0.14307
Pi_beta_p vals  =      0.89347      4.54672

Running Time            :  0 d  0 h  3 min 55 sec
Estimated Remaining Time:  0 d  0 h  9 min 49 sec

!!!!!!!!!!!!!!!!!!!!!!!!!!!!!!!!!!!!!!
        MCMC CHAIN
!!!!!!!!!!!!!!!!!!!!!!!!!!!!!!!!!!!!!!

      Mean Final Acceptance Rate Pij  =  0.29815
      Mean Final Acceptance Rate Pi   =  0.53076
      Mean Final Acceptance Rate b_mu =  0.54580
      Mean Final Acceptance Rate b_phi=  0.45700

Analysis completed in  0 d  0 h 13 min 54 sec
